<?xml version="1.0" encoding="UTF-8"?>
<!-- Generated by org.testng.reporters.JUnitXMLReporter -->
<testsuite ignored="2" hostname="Gauravs-MacBook-Pro.local" failures="0" tests="1" name="Default test(failed)" time="10.564" errors="0" timestamp="2021-07-11T17:04:33 PDT">
  <testcase classname="qedge.July9.Demo1Dependent" name="cbanking" time="3.216"/>
  <testcase classname="qedge.July9.Demo1Dependent" name="ibanking" time="0.0">
    <ignored/>
  </testcase> <!-- ibanking -->
  <testcase classname="qedge.July9.Demo1Dependent" name="pbanking" time="0.0">
    <ignored/>
  </testcase> <!-- pbanking -->
</testsuite> <!-- Default test(failed) -->
