<?xml version="1.0" encoding="UTF-8"?>
<!-- Generated by org.testng.reporters.JUnitXMLReporter -->
<testsuite ignored="0" hostname="Gauravs-MBP.attlocal.net" failures="0" tests="4" name="Default test" time="10.797" errors="0" timestamp="2021-08-10T17:46:21 PDT">
  <testcase classname="qedge.Aug7.OrangeHRM" name="VerifyLogin" time="4.286"/>
  <testcase classname="qedge.Aug7.OrangeHRM" name="VerifyLogin" time="0.86"/>
  <testcase classname="qedge.Aug7.OrangeHRM" name="VerifyLogin" time="1.327"/>
  <testcase classname="qedge.Aug7.OrangeHRM" name="VerifyLogin" time="0.951"/>
</testsuite> <!-- Default test -->
