<?xml version="1.0" encoding="UTF-8"?>
<!-- Generated by org.testng.reporters.JUnitXMLReporter -->
<testsuite ignored="0" hostname="Gauravs-MBP.attlocal.net" failures="1" tests="1" name="hybrid" time="5.876" errors="0" timestamp="2021-08-01T23:31:23 PDT">
  <testcase classname="driverFactory.HybridDriverScript" name="startTest" time="0.011">
    <failure type="org.apache.poi.openxml4j.exceptions.InvalidFormatException" message="Package should contain a content type part [M1.13]">
      <![CDATA[org.apache.poi.openxml4j.exceptions.InvalidFormatException: Package should contain a content type part [M1.13]
at org.apache.poi.openxml4j.opc.ZipPackage.getPartsImpl(ZipPackage.java:292)
at org.apache.poi.openxml4j.opc.OPCPackage.getParts(OPCPackage.java:758)
at org.apache.poi.openxml4j.opc.OPCPackage.open(OPCPackage.java:327)
at org.apache.poi.ss.usermodel.WorkbookFactory.create(WorkbookFactory.java:185)
at org.apache.poi.ss.usermodel.WorkbookFactory.create(WorkbookFactory.java:144)
at Utility.ExcelFileUtil.<init>(ExcelFileUtil.java:27)
at driverFactory.HybridDriverScript.startTest(HybridDriverScript.java:19)
at java.base/java.util.ArrayList.forEach(ArrayList.java:1511)
... Removed 27 stack frames]]>
    </failure>
  </testcase> <!-- startTest -->
</testsuite> <!-- hybrid -->
