<?xml version="1.0" encoding="UTF-8"?>
<testng-results ignored="0" total="4" passed="4" failed="0" skipped="0">
  <reporter-output>
    <line>
      <![CDATA[Login Success]]>
    </line>
    <line>
      <![CDATA[Login Fail]]>
    </line>
    <line>
      <![CDATA[Login Success]]>
    </line>
    <line>
      <![CDATA[Login Fail]]>
    </line>
  </reporter-output>
  <suite started-at="2021-08-10T17:46:10 PDT" name="Default suite" finished-at="2021-08-10T17:46:21 PDT" duration-ms="10797">
    <groups>
    </groups>
    <test started-at="2021-08-10T17:46:10 PDT" name="Default test" finished-at="2021-08-10T17:46:21 PDT" duration-ms="10797">
      <class name="qedge.Aug7.OrangeHRM">
        <test-method is-config="true" signature="setUp()[pri:0, instance:qedge.Aug7.OrangeHRM@35d019a3]" started-at="2021-08-10T17:46:10 PDT" name="setUp" finished-at="2021-08-10T17:46:13 PDT" duration-ms="3312" status="PASS">
          <reporter-output>
          </reporter-output>
        </test-method> <!-- setUp -->
        <test-method signature="VerifyLogin(java.lang.String, java.lang.String)[pri:0, instance:qedge.Aug7.OrangeHRM@35d019a3]" started-at="2021-08-10T17:46:13 PDT" name="VerifyLogin" data-provider="supplydata" finished-at="2021-08-10T17:46:17 PDT" duration-ms="4286" status="PASS">
          <params>
            <param index="0">
              <value>
                <![CDATA[Admin]]>
              </value>
            </param>
            <param index="1">
              <value>
                <![CDATA[Qedge123!@#]]>
              </value>
            </param>
          </params>
          <reporter-output>
            <line>
              <![CDATA[Login Success]]>
            </line>
          </reporter-output>
        </test-method> <!-- VerifyLogin -->
        <test-method signature="VerifyLogin(java.lang.String, java.lang.String)[pri:0, instance:qedge.Aug7.OrangeHRM@35d019a3]" started-at="2021-08-10T17:46:17 PDT" name="VerifyLogin" data-provider="supplydata" finished-at="2021-08-10T17:46:18 PDT" duration-ms="860" status="PASS">
          <params>
            <param index="0">
              <value>
                <![CDATA[Test]]>
              </value>
            </param>
            <param index="1">
              <value>
                <![CDATA[Qedge123!@#]]>
              </value>
            </param>
          </params>
          <reporter-output>
            <line>
              <![CDATA[Login Fail]]>
            </line>
          </reporter-output>
        </test-method> <!-- VerifyLogin -->
        <test-method signature="VerifyLogin(java.lang.String, java.lang.String)[pri:0, instance:qedge.Aug7.OrangeHRM@35d019a3]" started-at="2021-08-10T17:46:18 PDT" name="VerifyLogin" data-provider="supplydata" finished-at="2021-08-10T17:46:20 PDT" duration-ms="1327" status="PASS">
          <params>
            <param index="0">
              <value>
                <![CDATA[Admin]]>
              </value>
            </param>
            <param index="1">
              <value>
                <![CDATA[Qedge123!@#]]>
              </value>
            </param>
          </params>
          <reporter-output>
            <line>
              <![CDATA[Login Success]]>
            </line>
          </reporter-output>
        </test-method> <!-- VerifyLogin -->
        <test-method signature="VerifyLogin(java.lang.String, java.lang.String)[pri:0, instance:qedge.Aug7.OrangeHRM@35d019a3]" started-at="2021-08-10T17:46:20 PDT" name="VerifyLogin" data-provider="supplydata" finished-at="2021-08-10T17:46:21 PDT" duration-ms="951" status="PASS">
          <params>
            <param index="0">
              <value>
                <![CDATA[Admin]]>
              </value>
            </param>
            <param index="1">
              <value>
                <![CDATA[Test]]>
              </value>
            </param>
          </params>
          <reporter-output>
            <line>
              <![CDATA[Login Fail]]>
            </line>
          </reporter-output>
        </test-method> <!-- VerifyLogin -->
      </class> <!-- qedge.Aug7.OrangeHRM -->
    </test> <!-- Default test -->
  </suite> <!-- Default suite -->
</testng-results>
