<?xml version="1.0" encoding="UTF-8"?>
<!-- Generated by org.testng.reporters.JUnitXMLReporter -->
<testsuite ignored="0" hostname="Gauravs-MacBook-Pro.local" failures="0" tests="3" name="Report3" time="31.554" errors="0" timestamp="2021-07-11T21:22:44 PDT">
  <testcase classname="qedge.July9.MultipleTime" name="verifylogin" time="22.581"/>
  <testcase classname="qedge.July9.MultipleTime" name="verifylogin" time="4.384"/>
  <testcase classname="qedge.July9.MultipleTime" name="verifylogin" time="4.574"/>
</testsuite> <!-- Report3 -->
