<?xml version="1.0" encoding="UTF-8"?>
<!-- Generated by org.testng.reporters.JUnitXMLReporter -->
<testsuite ignored="0" hostname="Gauravs-MacBook-Pro.local" failures="0" tests="4" name="Report2" time="17.12" errors="0" timestamp="2021-07-11T21:22:12 PDT">
  <testcase classname="qedge.July9.UsingDepends" name="branches" time="3.342"/>
  <testcase classname="qedge.July9.UsingDepends" name="roles" time="3.254"/>
  <testcase classname="qedge.July9.UsingDepends" name="users" time="3.318"/>
  <testcase classname="qedge.July9.UsingDepends" name="Employee" time="3.308"/>
</testsuite> <!-- Report2 -->
