<?xml version="1.0" encoding="UTF-8"?>
<!-- Generated by org.testng.reporters.JUnitXMLReporter -->
<testsuite ignored="1" hostname="Gauravs-MacBook-Pro.local" failures="0" tests="2" name="Report1" time="22.451" errors="0" timestamp="2021-07-11T21:21:55 PDT">
  <testcase classname="qedge.July9.Demo1Dependent" name="cbanking" time="3.187"/>
  <testcase classname="qedge.July9.Demo1Dependent" name="pbanking" time="3.354"/>
  <testcase classname="qedge.July9.Demo1Dependent" name="ibanking" time="0.0">
    <ignored/>
  </testcase> <!-- ibanking -->
</testsuite> <!-- Report1 -->
